2021/11/24 16:36:44 [notice] 1#1: using the "epoll" event method
2021/11/24 16:36:44 [notice] 1#1: nginx/1.21.3
2021/11/24 16:36:44 [notice] 1#1: built by gcc 10.3.1 20210424 (Alpine 10.3.1_git20210424) 
2021/11/24 16:36:44 [notice] 1#1: OS: Linux 5.10.16.3-microsoft-standard-WSL2
2021/11/24 16:36:44 [notice] 1#1: getrlimit(RLIMIT_NOFILE): 1048576:1048576
2021/11/24 16:36:44 [notice] 1#1: start worker processes
2021/11/24 16:36:44 [notice] 1#1: start worker process 32
2021/11/24 16:36:44 [notice] 1#1: start worker process 33
2021/11/24 16:45:49 [notice] 1#1: signal 3 (SIGQUIT) received, shutting down
2021/11/24 16:45:49 [notice] 33#33: gracefully shutting down
2021/11/24 16:45:49 [notice] 32#32: gracefully shutting down
2021/11/24 16:45:49 [notice] 33#33: exiting
2021/11/24 16:45:49 [notice] 32#32: exiting
2021/11/24 16:45:49 [notice] 33#33: exit
2021/11/24 16:45:49 [notice] 32#32: exit
2021/11/24 16:45:49 [notice] 1#1: signal 17 (SIGCHLD) received from 32
2021/11/24 16:45:49 [notice] 1#1: worker process 32 exited with code 0
2021/11/24 16:45:49 [notice] 1#1: worker process 33 exited with code 0
2021/11/24 16:45:49 [notice] 1#1: exit
2021/11/24 16:46:01 [notice] 1#1: using the "epoll" event method
2021/11/24 16:46:01 [notice] 1#1: nginx/1.21.3
2021/11/24 16:46:01 [notice] 1#1: built by gcc 10.3.1 20210424 (Alpine 10.3.1_git20210424) 
2021/11/24 16:46:01 [notice] 1#1: OS: Linux 5.10.16.3-microsoft-standard-WSL2
2021/11/24 16:46:01 [notice] 1#1: getrlimit(RLIMIT_NOFILE): 1048576:1048576
2021/11/24 16:46:01 [notice] 1#1: start worker processes
2021/11/24 16:46:01 [notice] 1#1: start worker process 33
2021/11/24 16:46:01 [notice] 1#1: start worker process 34
2021/11/24 16:50:40 [notice] 1#1: signal 3 (SIGQUIT) received, shutting down
2021/11/24 16:50:40 [notice] 34#34: gracefully shutting down
2021/11/24 16:50:40 [notice] 33#33: gracefully shutting down
2021/11/24 16:50:40 [notice] 33#33: exiting
2021/11/24 16:50:40 [notice] 34#34: exiting
2021/11/24 16:50:40 [notice] 33#33: exit
2021/11/24 16:50:40 [notice] 34#34: exit
2021/11/24 16:50:40 [notice] 1#1: signal 17 (SIGCHLD) received from 34
2021/11/24 16:50:40 [notice] 1#1: worker process 33 exited with code 0
2021/11/24 16:50:40 [notice] 1#1: worker process 34 exited with code 0
2021/11/24 16:50:40 [notice] 1#1: exit
2021/11/24 16:51:01 [notice] 1#1: using the "epoll" event method
2021/11/24 16:51:01 [notice] 1#1: nginx/1.21.3
2021/11/24 16:51:01 [notice] 1#1: built by gcc 10.3.1 20210424 (Alpine 10.3.1_git20210424) 
2021/11/24 16:51:01 [notice] 1#1: OS: Linux 5.10.16.3-microsoft-standard-WSL2
2021/11/24 16:51:01 [notice] 1#1: getrlimit(RLIMIT_NOFILE): 1048576:1048576
2021/11/24 16:51:01 [notice] 1#1: start worker processes
2021/11/24 16:51:01 [notice] 1#1: start worker process 32
2021/11/24 16:51:01 [notice] 1#1: start worker process 33
2021/11/24 16:55:14 [notice] 1#1: signal 3 (SIGQUIT) received, shutting down
2021/11/24 16:55:14 [notice] 32#32: gracefully shutting down
2021/11/24 16:55:14 [notice] 32#32: exiting
2021/11/24 16:55:14 [notice] 33#33: gracefully shutting down
2021/11/24 16:55:14 [notice] 33#33: exiting
2021/11/24 16:55:14 [notice] 32#32: exit
2021/11/24 16:55:14 [notice] 33#33: exit
2021/11/24 16:55:14 [notice] 1#1: signal 17 (SIGCHLD) received from 32
2021/11/24 16:55:14 [notice] 1#1: worker process 32 exited with code 0
2021/11/24 16:55:14 [notice] 1#1: worker process 33 exited with code 0
2021/11/24 16:55:14 [notice] 1#1: exit
2021/11/24 16:55:27 [notice] 1#1: using the "epoll" event method
2021/11/24 16:55:27 [notice] 1#1: nginx/1.21.3
2021/11/24 16:55:27 [notice] 1#1: built by gcc 10.3.1 20210424 (Alpine 10.3.1_git20210424) 
2021/11/24 16:55:27 [notice] 1#1: OS: Linux 5.10.16.3-microsoft-standard-WSL2
2021/11/24 16:55:27 [notice] 1#1: getrlimit(RLIMIT_NOFILE): 1048576:1048576
2021/11/24 16:55:27 [notice] 1#1: start worker processes
2021/11/24 16:55:27 [notice] 1#1: start worker process 31
2021/11/24 16:55:27 [notice] 1#1: start worker process 32
2021/11/24 16:57:13 [notice] 1#1: signal 3 (SIGQUIT) received, shutting down
2021/11/24 16:57:13 [notice] 31#31: gracefully shutting down
2021/11/24 16:57:13 [notice] 32#32: gracefully shutting down
2021/11/24 16:57:13 [notice] 31#31: exiting
2021/11/24 16:57:13 [notice] 31#31: exit
2021/11/24 16:57:13 [notice] 32#32: exiting
2021/11/24 16:57:13 [notice] 32#32: exit
2021/11/24 16:57:13 [notice] 1#1: signal 17 (SIGCHLD) received from 31
2021/11/24 16:57:13 [notice] 1#1: worker process 31 exited with code 0
2021/11/24 16:57:13 [notice] 1#1: worker process 32 exited with code 0
2021/11/24 16:57:13 [notice] 1#1: exit
2021/11/24 16:57:28 [notice] 1#1: using the "epoll" event method
2021/11/24 16:57:28 [notice] 1#1: nginx/1.21.3
2021/11/24 16:57:28 [notice] 1#1: built by gcc 10.3.1 20210424 (Alpine 10.3.1_git20210424) 
2021/11/24 16:57:28 [notice] 1#1: OS: Linux 5.10.16.3-microsoft-standard-WSL2
2021/11/24 16:57:28 [notice] 1#1: getrlimit(RLIMIT_NOFILE): 1048576:1048576
2021/11/24 16:57:28 [notice] 1#1: start worker processes
2021/11/24 16:57:28 [notice] 1#1: start worker process 31
2021/11/24 16:57:28 [notice] 1#1: start worker process 32
2021/11/24 17:06:13 [notice] 1#1: signal 3 (SIGQUIT) received, shutting down
2021/11/24 17:06:13 [notice] 31#31: gracefully shutting down
2021/11/24 17:06:13 [notice] 32#32: gracefully shutting down
2021/11/24 17:06:13 [notice] 32#32: exiting
2021/11/24 17:06:13 [notice] 31#31: exiting
2021/11/24 17:06:13 [notice] 31#31: exit
2021/11/24 17:06:13 [notice] 32#32: exit
2021/11/24 17:06:13 [notice] 1#1: signal 17 (SIGCHLD) received from 31
2021/11/24 17:06:13 [notice] 1#1: worker process 31 exited with code 0
2021/11/24 17:06:13 [notice] 1#1: worker process 32 exited with code 0
2021/11/24 17:06:13 [notice] 1#1: exit
2021/11/24 17:06:24 [notice] 1#1: using the "epoll" event method
2021/11/24 17:06:24 [notice] 1#1: nginx/1.21.3
2021/11/24 17:06:24 [notice] 1#1: built by gcc 10.3.1 20210424 (Alpine 10.3.1_git20210424) 
2021/11/24 17:06:24 [notice] 1#1: OS: Linux 5.10.16.3-microsoft-standard-WSL2
2021/11/24 17:06:24 [notice] 1#1: getrlimit(RLIMIT_NOFILE): 1048576:1048576
2021/11/24 17:06:24 [notice] 1#1: start worker processes
2021/11/24 17:06:24 [notice] 1#1: start worker process 34
2021/11/24 17:06:24 [notice] 1#1: start worker process 35
2021/11/24 17:14:26 [notice] 1#1: signal 3 (SIGQUIT) received, shutting down
2021/11/24 17:14:26 [notice] 35#35: gracefully shutting down
2021/11/24 17:14:26 [notice] 34#34: gracefully shutting down
2021/11/24 17:14:26 [notice] 34#34: exiting
2021/11/24 17:14:26 [notice] 34#34: exit
2021/11/24 17:14:26 [notice] 35#35: exiting
2021/11/24 17:14:26 [notice] 35#35: exit
2021/11/24 17:14:26 [notice] 1#1: signal 17 (SIGCHLD) received from 34
2021/11/24 17:14:26 [notice] 1#1: worker process 34 exited with code 0
2021/11/24 17:14:26 [notice] 1#1: worker process 35 exited with code 0
2021/11/24 17:14:26 [notice] 1#1: exit
2021/11/24 17:14:44 [notice] 1#1: using the "epoll" event method
2021/11/24 17:14:44 [notice] 1#1: nginx/1.21.3
2021/11/24 17:14:44 [notice] 1#1: built by gcc 10.3.1 20210424 (Alpine 10.3.1_git20210424) 
2021/11/24 17:14:44 [notice] 1#1: OS: Linux 5.10.16.3-microsoft-standard-WSL2
2021/11/24 17:14:44 [notice] 1#1: getrlimit(RLIMIT_NOFILE): 1048576:1048576
2021/11/24 17:14:44 [notice] 1#1: start worker processes
2021/11/24 17:14:44 [notice] 1#1: start worker process 31
2021/11/24 17:14:44 [notice] 1#1: start worker process 32
2021/11/24 17:20:25 [notice] 1#1: using the "epoll" event method
2021/11/24 17:20:25 [notice] 1#1: nginx/1.21.3
2021/11/24 17:20:25 [notice] 1#1: built by gcc 10.3.1 20210424 (Alpine 10.3.1_git20210424) 
2021/11/24 17:20:25 [notice] 1#1: OS: Linux 5.10.16.3-microsoft-standard-WSL2
2021/11/24 17:20:25 [notice] 1#1: getrlimit(RLIMIT_NOFILE): 1048576:1048576
2021/11/24 17:20:25 [notice] 1#1: start worker processes
2021/11/24 17:20:25 [notice] 1#1: start worker process 32
2021/11/24 17:20:25 [notice] 1#1: start worker process 33
2021/11/24 17:37:58 [notice] 1#1: using the "epoll" event method
2021/11/24 17:37:58 [notice] 1#1: nginx/1.21.3
2021/11/24 17:37:58 [notice] 1#1: built by gcc 10.3.1 20210424 (Alpine 10.3.1_git20210424) 
2021/11/24 17:37:58 [notice] 1#1: OS: Linux 5.10.16.3-microsoft-standard-WSL2
2021/11/24 17:37:58 [notice] 1#1: getrlimit(RLIMIT_NOFILE): 1048576:1048576
2021/11/24 17:37:58 [notice] 1#1: start worker processes
2021/11/24 17:37:58 [notice] 1#1: start worker process 35
2021/11/24 17:37:58 [notice] 1#1: start worker process 36
2021/11/24 18:12:56 [notice] 1#1: signal 3 (SIGQUIT) received, shutting down
2021/11/24 18:12:56 [notice] 35#35: gracefully shutting down
2021/11/24 18:12:56 [notice] 35#35: exiting
2021/11/24 18:12:56 [notice] 36#36: gracefully shutting down
2021/11/24 18:12:56 [notice] 36#36: exiting
2021/11/24 18:12:56 [notice] 35#35: exit
2021/11/24 18:12:56 [notice] 36#36: exit
2021/11/24 18:12:56 [notice] 1#1: signal 17 (SIGCHLD) received from 36
2021/11/24 18:12:56 [notice] 1#1: worker process 35 exited with code 0
2021/11/24 18:12:56 [notice] 1#1: worker process 36 exited with code 0
2021/11/24 18:12:56 [notice] 1#1: exit
